#
# An unexpected error has occurred (11)
#
Stack:
/tools/Xilinx/Vivado/2022.1/tps/lnx64/jre11.0.11_9/lib//server/libjvm.so(+0xbefecb) [0x7fcbbafefecb]
/tools/Xilinx/Vivado/2022.1/tps/lnx64/jre11.0.11_9/lib//server/libjvm.so(JVM_handle_linux_signal+0xd1) [0x7fcbbaff6c81]
/tools/Xilinx/Vivado/2022.1/tps/lnx64/jre11.0.11_9/lib//server/libjvm.so(+0xbead23) [0x7fcbbafead23]
/lib/x86_64-linux-gnu/libc.so.6(+0x42520) [0x7fcc11e1a520]
/tools/Xilinx/Vivado/2022.1/lib/lnx64.o/librdi_xicom_hw.so(XicomHWXicomNodeEvents::init(std::__cxx11::basic_string<char, std::char_traits<char>, std::allocator<char> >)+0x216) [0x7fcbbe534376]
/tools/Xilinx/Vivado/2022.1/lib/lnx64.o/librdi_xicom_hw.so(XHWEngine::handleServerConnect(XHWServer*, bool)+0x6f0) [0x7fcbbe47f4a0]
/tools/Xilinx/Vivado/2022.1/lib/lnx64.o/librdi_xicom_hw.so(XHWServer::connectKey(std::__cxx11::basic_string<char, std::char_traits<char>, std::allocator<char> > const&)+0x282) [0x7fcbbe492372]
/tools/Xilinx/Vivado/2022.1/lib/lnx64.o/librdi_labtools.so(LTDHWServer::connect(HSTVector<std::__cxx11::basic_string<char, std::char_traits<char>, std::allocator<char> >, std::allocator<std::__cxx11::basic_string<char, std::char_traits<char>, std::allocator<char> > > >&, HDGUIStatus*)+0x5ca) [0x7fcbc1013cfa]
/tools/Xilinx/Vivado/2022.1/lib/lnx64.o/librdi_labtoolstasks.so(+0x607762) [0x7fcb9bfb7762]
/tools/Xilinx/Vivado/2022.1/lib/lnx64.o/librdi_common.so(+0xb44ccf) [0x7fcc13446ccf]
/tools/Xilinx/Vivado/2022.1/lib/lnx64.o/libtcl8.5.so(+0x3356f) [0x7fcc0d03356f]
/tools/Xilinx/Vivado/2022.1/lib/lnx64.o/libtcl8.5.so(+0x76945) [0x7fcc0d076945]
/tools/Xilinx/Vivado/2022.1/lib/lnx64.o/libtcl8.5.so(+0x7e0f9) [0x7fcc0d07e0f9]
/tools/Xilinx/Vivado/2022.1/lib/lnx64.o/libtcl8.5.so(TclEvalObjEx+0x76) [0x7fcc0d035216]
/tools/Xilinx/Vivado/2022.1/lib/lnx64.o/librdi_common.so(+0xb435b3) [0x7fcc134455b3]
/tools/Xilinx/Vivado/2022.1/lib/lnx64.o/libtcl8.5.so(Tcl_ServiceEvent+0x7f) [0x7fcc0d0a7bef]
/tools/Xilinx/Vivado/2022.1/lib/lnx64.o/libtcl8.5.so(Tcl_DoOneEvent+0x154) [0x7fcc0d0a7f24]
/tools/Xilinx/Vivado/2022.1/lib/lnx64.o/librdi_commontasks.so(+0x2b39f7) [0x7fcc0670f9f7]
/tools/Xilinx/Vivado/2022.1/lib/lnx64.o/librdi_commontasks.so(+0x2bc22f) [0x7fcc0671822f]
/tools/Xilinx/Vivado/2022.1/lib/lnx64.o/librdi_commontasks.so(+0x2bcb3f) [0x7fcc06718b3f]
/tools/Xilinx/Vivado/2022.1/lib/lnx64.o/librdi_common.so(+0xb44ccf) [0x7fcc13446ccf]
/tools/Xilinx/Vivado/2022.1/lib/lnx64.o/libtcl8.5.so(+0x3356f) [0x7fcc0d03356f]
/tools/Xilinx/Vivado/2022.1/lib/lnx64.o/libtcl8.5.so(+0x76945) [0x7fcc0d076945]
/tools/Xilinx/Vivado/2022.1/lib/lnx64.o/libtcl8.5.so(+0x7e0f9) [0x7fcc0d07e0f9]
/tools/Xilinx/Vivado/2022.1/lib/lnx64.o/libtcl8.5.so(TclEvalObjEx+0x76) [0x7fcc0d035216]
/tools/Xilinx/Vivado/2022.1/lib/lnx64.o/librdi_commonmain.so(+0xc538) [0x7fcc13eb2538]
/tools/Xilinx/Vivado/2022.1/lib/lnx64.o/libtcl8.5.so(Tcl_Main+0x1d0) [0x7fcc0d0a02f0]
/tools/Xilinx/Vivado/2022.1/lib/lnx64.o/librdi_common.so(+0xb721fb) [0x7fcc134741fb]
/lib/x86_64-linux-gnu/libc.so.6(+0x94b43) [0x7fcc11e6cb43]
/lib/x86_64-linux-gnu/libc.so.6(+0x126a00) [0x7fcc11efea00]
