#-----------------------------------------------------------
# Vivado v2022.1 (64-bit)
# SW Build 3526262 on Mon Apr 18 15:47:01 MDT 2022
# IP Build 3524634 on Mon Apr 18 20:55:01 MDT 2022
# Start of session at: Sun Oct  9 09:39:12 2022
# Process ID: 81835
# Current directory: /home/zumahun/fpga_projects/vga_clock
# Command line: vivado
# Log file: /home/zumahun/fpga_projects/vga_clock/vivado.log
# Journal file: /home/zumahun/fpga_projects/vga_clock/vivado.jou
# Running On: zumax, OS: Linux, CPU Frequency: 1996.799 MHz, CPU Physical cores: 1, Host memory: 8336 MB
#-----------------------------------------------------------
start_gui
ERROR: [Common 17-211] Error loading jvm.
ls
WARNING: [Common 17-259] Unknown Tcl command 'ls' sending command to the OS shell for execution. It is recommended to use 'exec' to send the command to the OS shell.
pwd
/home/zumahun/fpga_projects/vga_clock
cd ..
ls
WARNING: [Common 17-259] Unknown Tcl command 'ls' sending command to the OS shell for execution. It is recommended to use 'exec' to send the command to the OS shell.
exit
INFO: [Common 17-206] Exiting Vivado at Sun Oct  9 09:39:43 2022...
